npm error code ERESOLVE
npm error ERESOLVE unable to resolve dependency tree
npm error
npm error While resolving: @onwidget/astrowind@1.0.0-beta.52
npm error Found: astro@5.18.1
npm error node_modules/astro
npm error   astro@"^5.0.0" from the root project
npm error
npm error Could not resolve dependency:
npm error peer astro@"^6.0.0" from @astrojs/cloudflare@13.1.2
npm error node_modules/@astrojs/cloudflare
npm error   dev @astrojs/cloudflare@"^13.1.2" from the root project
npm error
npm error Fix the upstream dependency conflict, or retry
npm error this command with --force or --legacy-peer-deps
npm error to accept an incorrect (and potentially broken) dependency resolution.
npm error
npm error
npm error For a full report see:
npm error /home/ronaldo/.npm/_logs/2026-03-19T14_33_36_182Z-eresolve-report.txt
npm error A complete log of this run can be found in: /home/ronaldo/.npm/_logs/2026-03-19T14_33_36_182Z-debug-0.log
