npm verbose cli /home/ronaldo/.nvm/versions/node/v20.19.4/bin/node /home/ronaldo/.nvm/versions/node/v20.19.4/bin/npm
npm info using npm@11.6.3
npm info using node@v20.19.4
npm verbose title npm install
npm verbose argv "install" "--package-lock-only" "--ignore-scripts" "--no-audit" "--no-fund" "--loglevel" "verbose"
npm verbose logfile logs-max:10 dir:/home/ronaldo/.npm/_logs/2026-03-19T13_36_42_715Z-
npm verbose logfile /home/ronaldo/.npm/_logs/2026-03-19T13_36_42_715Z-debug-0.log
npm verbose shrinkwrap failed to load node_modules/.package-lock.json missing from node_modules: node_modules/@alloc/quick-lru
npm http cache https://registry.npmjs.org/@astrojs%2frss 38ms (cache hit)
npm http cache https://registry.npmjs.org/@astrojs%2fsitemap 5ms (cache hit)
npm http cache https://registry.npmjs.org/@astrolib%2fanalytics 15ms (cache hit)
npm http cache https://registry.npmjs.org/astro 28ms (cache hit)
npm http cache https://registry.npmjs.org/@astrolib%2fseo 4ms (cache hit)
npm http cache https://registry.npmjs.org/@fontsource-variable%2finter 9ms (cache hit)
npm http cache https://registry.npmjs.org/astro-embed 3ms (cache hit)
npm http cache https://registry.npmjs.org/astro-icon 5ms (cache hit)
npm http cache https://registry.npmjs.org/limax 15ms (cache hit)
npm http cache https://registry.npmjs.org/lodash.merge 10ms (cache hit)
npm http cache https://registry.npmjs.org/unpic 6ms (cache hit)
npm http cache https://registry.npmjs.org/@astrojs%2fcheck 5ms (cache hit)
npm http cache https://registry.npmjs.org/typescript 58ms (cache hit)
npm http cache https://registry.npmjs.org/@astrojs%2fmdx 39ms (cache hit)
npm http cache https://registry.npmjs.org/@astrojs%2fpartytown 25ms (cache hit)
npm http cache https://registry.npmjs.org/@astrojs%2ftailwind 6ms (cache hit)
npm http cache https://registry.npmjs.org/tailwindcss 89ms (cache hit)
npm http cache https://registry.npmjs.org/@eslint%2fjs 17ms (cache hit)
npm http cache https://registry.npmjs.org/@iconify-json%2fflat-color-icons 13ms (cache hit)
npm http cache https://registry.npmjs.org/@iconify-json%2ftabler 13ms (cache hit)
npm http cache https://registry.npmjs.org/@tailwindcss%2ftypography 4ms (cache hit)
npm http cache https://registry.npmjs.org/@types%2fjs-yaml 14ms (cache hit)
npm http cache https://registry.npmjs.org/@types%2flodash.merge 4ms (cache hit)
npm http cache https://registry.npmjs.org/@types%2fmdx 4ms (cache hit)
npm http cache https://registry.npmjs.org/@typescript-eslint%2feslint-plugin 131ms (cache hit)
npm http cache https://registry.npmjs.org/@typescript-eslint%2fparser 106ms (cache hit)
npm http cache https://registry.npmjs.org/eslint 72ms (cache hit)
npm http cache https://registry.npmjs.org/jiti 20ms (cache hit)
npm http cache https://registry.npmjs.org/astro-compress 11ms (cache hit)
npm http cache https://registry.npmjs.org/astro-eslint-parser 17ms (cache hit)
npm http cache https://registry.npmjs.org/eslint-plugin-astro 15ms (cache hit)
npm http cache https://registry.npmjs.org/globals 10ms (cache hit)
npm http cache https://registry.npmjs.org/js-yaml 45ms (cache hit)
npm http cache https://registry.npmjs.org/mdast-util-to-string 7ms (cache hit)
npm http cache https://registry.npmjs.org/prettier 6ms (cache hit)
npm http cache https://registry.npmjs.org/prettier-plugin-astro 14ms (cache hit)
npm http cache https://registry.npmjs.org/reading-time 14ms (cache hit)
npm http cache https://registry.npmjs.org/sharp 112ms (cache hit)
npm http cache https://registry.npmjs.org/tailwind-merge 10ms (cache hit)
npm http cache https://registry.npmjs.org/typescript-eslint 36ms (cache hit)
npm http cache https://registry.npmjs.org/unist-util-visit 7ms (cache hit)
npm http cache https://registry.npmjs.org/kleur 373ms (cache hit)
npm http cache https://registry.npmjs.org/@astrojs%2flanguage-server 400ms (cache hit)
npm http cache https://registry.npmjs.org/chokidar 445ms (cache hit)
npm http cache https://registry.npmjs.org/vfile 15ms (cache hit)
npm http cache https://registry.npmjs.org/yargs 118ms (cache hit)
npm http cache https://registry.npmjs.org/piccolore 46ms (cache hit)
npm http cache https://registry.npmjs.org/acorn 133ms (cache hit)
npm http cache https://registry.npmjs.org/rehype-raw 41ms (cache hit)
npm http cache https://registry.npmjs.org/remark-gfm 58ms (cache hit)
npm http cache https://registry.npmjs.org/source-map 45ms (cache hit)
npm http cache https://registry.npmjs.org/@mdx-js%2fmdx 45ms (cache hit)
npm http cache https://registry.npmjs.org/es-module-lexer 60ms (cache hit)
npm http cache https://registry.npmjs.org/estree-util-visit 71ms (cache hit)
npm http cache https://registry.npmjs.org/hast-util-to-html 51ms (cache hit)
npm http cache https://registry.npmjs.org/remark-smartypants 39ms (cache hit)
npm http cache https://registry.npmjs.org/dlv 28ms (cache hit)
npm http cache https://registry.npmjs.org/@astrojs%2fmarkdown-remark 49ms (cache hit)
npm http cache https://registry.npmjs.org/clsx 55ms (cache hit)
npm http cache https://registry.npmjs.org/zod 92ms (cache hit)
npm http cache https://registry.npmjs.org/diff 165ms (cache hit)
npm http cache https://registry.npmjs.org/dset 187ms (cache hit)
npm http cache https://registry.npmjs.org/svgo 79ms (cache hit)
npm http cache https://registry.npmjs.org/boxen 42ms (cache hit)
npm http cache https://registry.npmjs.org/debug 38ms (cache hit)
npm http cache https://registry.npmjs.org/shiki 22ms (cache hit)
npm http cache https://registry.npmjs.org/cookie 33ms (cache hit)
npm http cache https://registry.npmjs.org/cssesc 18ms (cache hit)
npm http cache https://registry.npmjs.org/mrmime 16ms (cache hit)
npm http cache https://registry.npmjs.org/vite 304ms (cache hit)
npm http cache https://registry.npmjs.org/semver 1675ms (cache hit)
npm http cache https://registry.npmjs.org/rehype 1692ms (cache hit)
npm http cache https://registry.npmjs.org/vitefu 42ms (cache hit)
npm http cache https://registry.npmjs.org/ci-info 28ms (cache hit)
npm http cache https://registry.npmjs.org/devalue 36ms (cache hit)
npm http cache https://registry.npmjs.org/esbuild 46ms (cache hit)
npm http cache https://registry.npmjs.org/flattie 38ms (cache hit)
npm http cache https://registry.npmjs.org/fontace 53ms (cache hit)
npm http cache https://registry.npmjs.org/p-limit 123ms (cache hit)
npm http cache https://registry.npmjs.org/p-queue 128ms (cache hit)
npm http cache https://registry.npmjs.org/prompts 116ms (cache hit)
npm http cache https://registry.npmjs.org/unifont 49ms (cache hit)
npm http cache https://registry.npmjs.org/magicast 45ms (cache hit)
npm http cache https://registry.npmjs.org/tinyexec 39ms (cache hit)
npm http cache https://registry.npmjs.org/picomatch 419ms (cache hit)
npm http cache https://registry.npmjs.org/tsconfck 534ms (cache hit)
npm http cache https://registry.npmjs.org/smol-toml 279ms (cache hit)
npm http cache https://registry.npmjs.org/unstorage 83ms (cache hit)
npm http cache https://registry.npmjs.org/ultrahtml 187ms (cache hit)
npm http cache https://registry.npmjs.org/zod-to-ts 46ms (cache hit)
npm http cache https://registry.npmjs.org/aria-query 33ms (cache hit)
npm http cache https://registry.npmjs.org/tinyglobby 34ms (cache hit)
npm http cache https://registry.npmjs.org/neotraverse 32ms (cache hit)
npm http cache https://registry.npmjs.org/xxhash-wasm 42ms (cache hit)
npm http cache https://registry.npmjs.org/html-escaper 46ms (cache hit)
npm http cache https://registry.npmjs.org/magic-string 46ms (cache hit)
npm http cache https://registry.npmjs.org/estree-walker 30ms (cache hit)
npm http cache https://registry.npmjs.org/yargs-parser 48ms (cache hit)
npm http cache https://registry.npmjs.org/yocto-spinner 40ms (cache hit)
npm http cache https://registry.npmjs.org/github-slugger 26ms (cache hit)
npm http cache https://registry.npmjs.org/axobject-query 56ms (cache hit)
npm http cache https://registry.npmjs.org/@oslojs%2fencoding 49ms (cache hit)
npm http cache https://registry.npmjs.org/@astrojs%2fcompiler 38ms (cache hit)
npm http cache https://registry.npmjs.org/@astrojs%2ftelemetry 51ms (cache hit)
npm http cache https://registry.npmjs.org/@capsizecss%2funpack 55ms (cache hit)
npm http cache https://registry.npmjs.org/zod-to-json-schema 36ms (cache hit)
npm http cache https://registry.npmjs.org/@rollup%2fpluginutils 41ms (cache hit)
npm http cache https://registry.npmjs.org/import-meta-resolve 35ms (cache hit)
npm http cache https://registry.npmjs.org/common-ancestor-path 37ms (cache hit)
npm http cache https://registry.npmjs.org/http-cache-semantics 29ms (cache hit)
npm http cache https://registry.npmjs.org/package-manager-detector 33ms (cache hit)
npm http cache https://registry.npmjs.org/deterministic-object-hash 45ms (cache hit)
npm http cache https://registry.npmjs.org/sharp 36ms (cache hit)
npm http cache https://registry.npmjs.org/@astrojs%2finternal-helpers 86ms (cache hit)
npm http cache https://registry.npmjs.org/@qwik.dev%2fpartytown 62ms (cache hit)
npm http cache https://registry.npmjs.org/zod 30ms (cache hit)
npm http cache https://registry.npmjs.org/fast-xml-parser 89ms (cache hit)
npm http cache https://registry.npmjs.org/stream-replace-string 45ms (cache hit)
npm http cache https://registry.npmjs.org/sitemap 97ms (cache hit)
npm http cache https://registry.npmjs.org/postcss 34ms (cache hit)
npm http cache https://registry.npmjs.org/postcss-load-config 122ms (cache hit)
npm http cache https://registry.npmjs.org/arg 126ms (cache hit)
npm http cache https://registry.npmjs.org/autoprefixer 159ms (cache hit)
npm http cache https://registry.npmjs.org/is-glob 64ms (cache hit)
npm http cache https://registry.npmjs.org/resolve 65ms (cache hit)
npm http cache https://registry.npmjs.org/sucrase 43ms (cache hit)
npm http cache https://registry.npmjs.org/fast-glob 54ms (cache hit)
npm http cache https://registry.npmjs.org/lilconfig 55ms (cache hit)
npm http cache https://registry.npmjs.org/didyoumean 50ms (cache hit)
npm http cache https://registry.npmjs.org/micromatch 12ms (cache hit)
npm http cache https://registry.npmjs.org/picocolors 42ms (cache hit)
npm http cache https://registry.npmjs.org/postcss-js 45ms (cache hit)
npm http cache https://registry.npmjs.org/object-hash 14ms (cache hit)
npm http cache https://registry.npmjs.org/normalize-path 14ms (cache hit)
npm http cache https://registry.npmjs.org/glob-parent 39ms (cache hit)
npm http cache https://registry.npmjs.org/postcss-import 59ms (cache hit)
npm http cache https://registry.npmjs.org/@alloc%2fquick-lru 373ms (cache hit)
npm http cache https://registry.npmjs.org/postcss-nested 390ms (cache hit)
npm http cache https://registry.npmjs.org/postcss-selector-parser 153ms (cache hit)
npm http cache https://registry.npmjs.org/@iconify%2ftypes 177ms (cache hit)
npm http cache https://registry.npmjs.org/@iconify%2ftypes 128ms (cache hit)
npm http cache https://registry.npmjs.org/@types%2flodash 23ms (cache hit)
npm http cache https://registry.npmjs.org/ignore 28ms (cache hit)
npm http cache https://registry.npmjs.org/ts-api-utils 38ms (cache hit)
npm http cache https://registry.npmjs.org/natural-compare 39ms (cache hit)
npm http cache https://registry.npmjs.org/@typescript-eslint%2futils 72ms (cache hit)
npm http cache https://registry.npmjs.org/@eslint-community%2fregexpp 236ms (cache hit)
npm http cache https://registry.npmjs.org/@typescript-eslint%2ftype-utils 291ms (cache hit)
npm http cache https://registry.npmjs.org/@typescript-eslint%2fvisitor-keys 231ms (cache hit)
npm http cache https://registry.npmjs.org/@typescript-eslint%2fscope-manager 427ms (cache hit)
npm http cache https://registry.npmjs.org/@typescript-eslint%2fscope-manager 194ms (cache hit)
npm http cache https://registry.npmjs.org/@typescript-eslint%2ftypes 1320ms (cache hit)
npm http cache https://registry.npmjs.org/@typescript-eslint%2ftypescript-estree 1139ms (cache hit)
npm http cache https://registry.npmjs.org/chalk 191ms (cache hit)
npm http cache https://registry.npmjs.org/ajv 389ms (cache hit)
npm http cache https://registry.npmjs.org/espree 36ms (cache hit)
npm http cache https://registry.npmjs.org/esquery 29ms (cache hit)
npm http cache https://registry.npmjs.org/esutils 18ms (cache hit)
npm http cache https://registry.npmjs.org/find-up 17ms (cache hit)
npm http cache https://registry.npmjs.org/optionator 18ms (cache hit)
npm http cache https://registry.npmjs.org/minimatch 27ms (cache hit)
npm http cache https://registry.npmjs.org/cross-spawn 32ms (cache hit)
npm http cache https://registry.npmjs.org/imurmurhash 31ms (cache hit)
npm http cache https://registry.npmjs.org/@eslint%2fcore 28ms (cache hit)
npm http cache https://registry.npmjs.org/eslint-scope 18ms (cache hit)
npm http cache https://registry.npmjs.org/@humanfs%2fnode 19ms (cache hit)
npm http cache https://registry.npmjs.org/fast-deep-equal 13ms (cache hit)
npm http cache https://registry.npmjs.org/@types%2festree 20ms (cache hit)
npm http cache https://registry.npmjs.org/@eslint%2feslintrc 12ms (cache hit)
npm http cache https://registry.npmjs.org/file-entry-cache 16ms (cache hit)
npm http cache https://registry.npmjs.org/@eslint%2fplugin-kit 22ms (cache hit)
npm http cache https://registry.npmjs.org/eslint-visitor-keys 29ms (cache hit)
npm http cache https://registry.npmjs.org/@eslint%2fconfig-array 27ms (cache hit)
npm http cache https://registry.npmjs.org/@humanwhocodes%2fretry 20ms (cache hit)
npm http cache https://registry.npmjs.org/escape-string-regexp 19ms (cache hit)
npm http cache https://registry.npmjs.org/@eslint%2fconfig-helpers 22ms (cache hit)
npm http cache https://registry.npmjs.org/@eslint-community%2feslint-utils 22ms (cache hit)
npm http cache https://registry.npmjs.org/@humanwhocodes%2fmodule-importer 26ms (cache hit)
npm http cache https://registry.npmjs.org/json-stable-stringify-without-jsonify 23ms (cache hit)
npm http cache https://registry.npmjs.org/@playform%2fpipe 23ms (cache hit)
npm http cache https://registry.npmjs.org/@types%2fcsso 19ms (cache hit)
npm http cache https://registry.npmjs.org/commander 16ms (cache hit)
npm http cache https://registry.npmjs.org/@types%2fhtml-minifier-terser 29ms (cache hit)
npm http cache https://registry.npmjs.org/csso 20ms (cache hit)
npm http cache https://registry.npmjs.org/html-minifier-terser 22ms (cache hit)
npm http cache https://registry.npmjs.org/deepmerge-ts 30ms (cache hit)
npm http cache https://registry.npmjs.org/lightningcss 32ms (cache hit)
npm http cache https://registry.npmjs.org/sharp 40ms (cache hit)
npm http cache https://registry.npmjs.org/terser 52ms (cache hit)
npm http cache https://registry.npmjs.org/@astro-community%2fastro-embed-baseline-status 53ms (cache hit)
npm http cache https://registry.npmjs.org/@astro-community%2fastro-embed-bluesky 365ms (cache hit)
npm http cache https://registry.npmjs.org/@astro-community%2fastro-embed-gist 368ms (cache hit)
npm http cache https://registry.npmjs.org/@astro-community%2fastro-embed-integration 68ms (cache hit)
npm http cache https://registry.npmjs.org/@astro-community%2fastro-embed-link-preview 66ms (cache hit)
npm http cache https://registry.npmjs.org/@astro-community%2fastro-embed-mastodon 59ms (cache hit)
npm http cache https://registry.npmjs.org/@astro-community%2fastro-embed-twitter 55ms (cache hit)
npm http cache https://registry.npmjs.org/@astro-community%2fastro-embed-youtube 40ms (cache hit)
npm http cache https://registry.npmjs.org/@astro-community%2fastro-embed-vimeo 80ms (cache hit)
npm http cache https://registry.npmjs.org/@typescript-eslint%2fscope-manager 87ms (cache hit)
npm http cache https://registry.npmjs.org/@typescript-eslint%2ftypes 324ms (cache hit)
npm http cache https://registry.npmjs.org/entities 383ms (cache hit)
npm http cache https://registry.npmjs.org/astrojs-compiler-sync 617ms (cache hit)
npm http cache https://registry.npmjs.org/@iconify%2ftools 71ms (cache hit)
npm http cache https://registry.npmjs.org/@iconify%2futils 63ms (cache hit)
npm http cache https://registry.npmjs.org/@jridgewell%2fsourcemap-codec 65ms (cache hit)
npm http cache https://registry.npmjs.org/@typescript-eslint%2ftypes 106ms (cache hit)
npm http cache https://registry.npmjs.org/eslint-compat-utils 352ms (cache hit)
npm http cache https://registry.npmjs.org/argparse 483ms (cache hit)
npm http cache https://registry.npmjs.org/hepburn 408ms (cache hit)
npm http cache https://registry.npmjs.org/speakingurl 49ms (cache hit)
npm http cache https://registry.npmjs.org/pinyin-pro 467ms (cache hit)
npm http cache https://registry.npmjs.org/lodash.deburr 80ms (cache hit)
npm http cache https://registry.npmjs.org/@types%2fmdast 75ms (cache hit)
npm http cache https://registry.npmjs.org/sass-formatter 55ms (cache hit)
npm http cache https://registry.npmjs.org/color 89ms (cache hit)
npm http cache https://registry.npmjs.org/detect-libc 57ms (cache hit)
npm http cache https://registry.npmjs.org/@img%2fsharp-wasm32 20ms (cache hit)
npm http cache https://registry.npmjs.org/@img%2fsharp-linux-arm 30ms (cache hit)
npm http cache https://registry.npmjs.org/@img%2fsharp-win32-x64 12ms (cache hit)
npm http cache https://registry.npmjs.org/@img%2fsharp-linux-x64 36ms (cache hit)
npm http cache https://registry.npmjs.org/@img%2fsharp-darwin-x64 31ms (cache hit)
npm http cache https://registry.npmjs.org/@img%2fsharp-linux-arm64 42ms (cache hit)
npm http cache https://registry.npmjs.org/@img%2fsharp-win32-ia32 66ms (cache hit)
npm http cache https://registry.npmjs.org/@img%2fsharp-linux-ppc64 72ms (cache hit)
npm http cache https://registry.npmjs.org/@img%2fsharp-linux-s390x 36ms (cache hit)
npm http cache https://registry.npmjs.org/@img%2fsharp-win32-arm64 28ms (cache hit)
npm http cache https://registry.npmjs.org/@img%2fsharp-darwin-arm64 34ms (cache hit)
npm http cache https://registry.npmjs.org/@img%2fsharp-linuxmusl-x64 48ms (cache hit)
npm http cache https://registry.npmjs.org/@img%2fsharp-linuxmusl-arm64 51ms (cache hit)
npm http cache https://registry.npmjs.org/@img%2fsharp-libvips-linux-arm 39ms (cache hit)
npm http cache https://registry.npmjs.org/@img%2fsharp-libvips-linux-x64 41ms (cache hit)
npm http cache https://registry.npmjs.org/@img%2fsharp-libvips-darwin-x64 34ms (cache hit)
npm http cache https://registry.npmjs.org/@img%2fsharp-libvips-linux-arm64 38ms (cache hit)
npm http cache https://registry.npmjs.org/@img%2fsharp-libvips-linux-ppc64 35ms (cache hit)
npm http cache https://registry.npmjs.org/@img%2fsharp-libvips-linux-s390x 27ms (cache hit)
npm http cache https://registry.npmjs.org/@img%2fsharp-libvips-darwin-arm64 27ms (cache hit)
npm http cache https://registry.npmjs.org/@img%2fsharp-libvips-linuxmusl-x64 34ms (cache hit)
npm http cache https://registry.npmjs.org/@img%2fsharp-libvips-linuxmusl-arm64 34ms (cache hit)
npm http cache https://registry.npmjs.org/@types%2funist 35ms (cache hit)
npm http cache https://registry.npmjs.org/unist-util-is 21ms (cache hit)
npm http cache https://registry.npmjs.org/unist-util-visit-parents 18ms (cache hit)
npm http cache https://registry.npmjs.org/@astrojs%2fyaml2ts 20ms (cache hit)
npm http cache https://registry.npmjs.org/@volar%2flanguage-core 20ms (cache hit)
npm http cache https://registry.npmjs.org/@volar%2fkit 43ms (cache hit)
npm http cache https://registry.npmjs.org/@volar%2flanguage-server 42ms (cache hit)
npm http cache https://registry.npmjs.org/muggle-string 21ms (cache hit)
npm http cache https://registry.npmjs.org/@volar%2flanguage-service 43ms (cache hit)
npm http cache https://registry.npmjs.org/volar-service-css 25ms (cache hit)
npm http cache https://registry.npmjs.org/volar-service-emmet 24ms (cache hit)
npm http cache https://registry.npmjs.org/volar-service-html 24ms (cache hit)
npm http cache https://registry.npmjs.org/volar-service-typescript 16ms (cache hit)
npm http cache https://registry.npmjs.org/volar-service-typescript-twoslash-queries 19ms (cache hit)
npm http cache https://registry.npmjs.org/volar-service-prettier 33ms (cache hit)
npm http cache https://registry.npmjs.org/volar-service-yaml 20ms (cache hit)
npm http cache https://registry.npmjs.org/vscode-html-languageservice 18ms (cache hit)
npm http cache https://registry.npmjs.org/vscode-uri 19ms (cache hit)
npm http cache https://registry.npmjs.org/readdirp 29ms (cache hit)
npm http cache https://registry.npmjs.org/y18n 28ms (cache hit)
npm http cache https://registry.npmjs.org/cliui 29ms (cache hit)
npm http cache https://registry.npmjs.org/escalade 16ms (cache hit)
npm http cache https://registry.npmjs.org/string-width 15ms (cache hit)
npm http cache https://registry.npmjs.org/get-caller-file 17ms (cache hit)
npm http cache https://registry.npmjs.org/require-directory 13ms (cache hit)
npm http cache https://registry.npmjs.org/typescript 49ms (cache hit)
npm http cache https://registry.npmjs.org/@volar%2ftypescript 21ms (cache hit)
npm http cache https://registry.npmjs.org/yaml 29ms (cache hit)
npm http cache https://registry.npmjs.org/typesafe-path 30ms (cache hit)
npm http cache https://registry.npmjs.org/vscode-languageserver-textdocument 22ms (cache hit)
npm http cache https://registry.npmjs.org/path-browserify 14ms (cache hit)
npm http cache https://registry.npmjs.org/@volar%2fsource-map 26ms (cache hit)
npm http cache https://registry.npmjs.org/request-light 65ms (cache hit)
npm http cache https://registry.npmjs.org/vscode-languageserver 68ms (cache hit)
npm http cache https://registry.npmjs.org/vscode-languageserver-protocol 92ms (cache hit)
npm http cache https://registry.npmjs.org/fdir 389ms (cache hit)
npm http cache https://registry.npmjs.org/vscode-languageserver-protocol 438ms (cache hit)
npm http cache https://registry.npmjs.org/@vscode%2femmet-helper 4ms (cache hit)
npm http cache https://registry.npmjs.org/vscode-css-languageservice 80ms (cache hit)
npm http cache https://registry.npmjs.org/@emmetio%2fcss-parser 57ms (cache hit)
npm http cache https://registry.npmjs.org/typescript-auto-import-cache 20ms (cache hit)
npm http cache https://registry.npmjs.org/@emmetio%2fhtml-matcher 55ms (cache hit)
npm http cache https://registry.npmjs.org/vscode-nls 33ms (cache hit)
npm http cache https://registry.npmjs.org/@vscode%2fl10n 27ms (cache hit)
npm http cache https://registry.npmjs.org/vscode-languageserver-types 37ms (cache hit)
npm http cache https://registry.npmjs.org/yaml-language-server 81ms (cache hit)
npm http cache https://registry.npmjs.org/remark-parse 16ms (cache hit)
npm http cache https://registry.npmjs.org/remark-rehype 19ms (cache hit)
npm http cache https://registry.npmjs.org/unified 30ms (cache hit)
npm http cache https://registry.npmjs.org/hast-util-to-text 14ms (cache hit)
npm http cache https://registry.npmjs.org/rehype-stringify 28ms (cache hit)
npm http cache https://registry.npmjs.org/@astrojs%2fprism 36ms (cache hit)
npm http cache https://registry.npmjs.org/hast-util-from-html 22ms (cache hit)
npm http cache https://registry.npmjs.org/unist-util-remove-position 13ms (cache hit)
npm http cache https://registry.npmjs.org/mdast-util-definitions 21ms (cache hit)
npm http cache https://registry.npmjs.org/@types%2festree-jsx 15ms (cache hit)
npm http cache https://registry.npmjs.org/@types%2fhast 18ms (cache hit)
npm http cache https://registry.npmjs.org/collapse-white-space 19ms (cache hit)
npm http cache https://registry.npmjs.org/devlop 23ms (cache hit)
npm http cache https://registry.npmjs.org/estree-util-is-identifier-name 16ms (cache hit)
npm http cache https://registry.npmjs.org/estree-util-scope 27ms (cache hit)
npm http cache https://registry.npmjs.org/markdown-extensions 16ms (cache hit)
npm http cache https://registry.npmjs.org/hast-util-to-jsx-runtime 35ms (cache hit)
npm http cache https://registry.npmjs.org/recma-build-jsx 18ms (cache hit)
npm http cache https://registry.npmjs.org/rehype-recma 7ms (cache hit)
npm http cache https://registry.npmjs.org/recma-stringify 14ms (cache hit)
npm http cache https://registry.npmjs.org/recma-jsx 25ms (cache hit)
npm http cache https://registry.npmjs.org/unist-util-position-from-estree 8ms (cache hit)
npm http cache https://registry.npmjs.org/unist-util-stringify-position 13ms (cache hit)
npm http cache https://registry.npmjs.org/remark-mdx 26ms (cache hit)
npm http cache https://registry.npmjs.org/hast-util-whitespace 6ms (cache hit)
npm http cache https://registry.npmjs.org/comma-separated-tokens 25ms (cache hit)
npm http cache https://registry.npmjs.org/ccount 31ms (cache hit)
npm http cache https://registry.npmjs.org/html-void-elements 21ms (cache hit)
npm http cache https://registry.npmjs.org/mdast-util-to-hast 18ms (cache hit)
npm http cache https://registry.npmjs.org/property-information 20ms (cache hit)
npm http cache https://registry.npmjs.org/space-separated-tokens 25ms (cache hit)
npm http cache https://registry.npmjs.org/stringify-entities 24ms (cache hit)
npm http cache https://registry.npmjs.org/zwitch 28ms (cache hit)
npm http cache https://registry.npmjs.org/hast-util-raw 19ms (cache hit)
npm http cache https://registry.npmjs.org/mdast-util-gfm 22ms (cache hit)
npm http cache https://registry.npmjs.org/micromark-extension-gfm 16ms (cache hit)
npm http cache https://registry.npmjs.org/remark-stringify 18ms (cache hit)
npm http cache https://registry.npmjs.org/retext 15ms (cache hit)
npm http cache https://registry.npmjs.org/retext-smartypants 15ms (cache hit)
npm http cache https://registry.npmjs.org/vfile-message 16ms (cache hit)
npm http cache https://registry.npmjs.org/prismjs 23ms (cache hit)
npm http cache https://registry.npmjs.org/hast-util-from-parse5 34ms (cache hit)
npm http cache https://registry.npmjs.org/parse5 36ms (cache hit)
npm http cache https://registry.npmjs.org/hast-util-is-element 32ms (cache hit)
npm http cache https://registry.npmjs.org/mdast-util-from-markdown 32ms (cache hit)
npm http cache https://registry.npmjs.org/unist-util-find-after 50ms (cache hit)
npm http cache https://registry.npmjs.org/micromark-util-types 53ms (cache hit)
npm http cache https://registry.npmjs.org/@shikijs%2fcore 47ms (cache hit)
npm http cache https://registry.npmjs.org/@shikijs%2flangs 53ms (cache hit)
npm http cache https://registry.npmjs.org/@shikijs%2fvscode-textmate 52ms (cache hit)
npm http cache https://registry.npmjs.org/@shikijs%2fthemes 79ms (cache hit)
npm http cache https://registry.npmjs.org/@shikijs%2ftypes 95ms (cache hit)
npm http cache https://registry.npmjs.org/@shikijs%2fengine-javascript 53ms (cache hit)
npm http cache https://registry.npmjs.org/@shikijs%2fengine-oniguruma 61ms (cache hit)
npm http cache https://registry.npmjs.org/bail 66ms (cache hit)
npm http cache https://registry.npmjs.org/is-plain-obj 21ms (cache hit)
npm http cache https://registry.npmjs.org/trough 9ms (cache hit)
npm http cache https://registry.npmjs.org/extend 38ms (cache hit)
npm http cache https://registry.npmjs.org/dotenv 11ms (cache hit)
npm http cache https://registry.npmjs.org/strnum 39ms (cache hit)
npm http cache https://registry.npmjs.org/fast-xml-builder 40ms (cache hit)
npm http cache https://registry.npmjs.org/sax 47ms (cache hit)
npm http cache https://registry.npmjs.org/@types%2fsax 46ms (cache hit)
npm http cache https://registry.npmjs.org/@types%2fnode 62ms (cache hit)
npm http cache https://registry.npmjs.org/ts-node 308ms (cache hit)
npm http cache https://registry.npmjs.org/@swc%2fcore 25ms (cache hit)
npm http cache https://registry.npmjs.org/@swc%2fhelpers 15ms (cache hit)
npm http cache https://registry.npmjs.org/@swc%2fwasm 19ms (cache hit)
npm http cache https://registry.npmjs.org/@types%2fnode 27ms (cache hit)
npm http cache https://registry.npmjs.org/typescript 93ms (cache hit)
npm http cache https://registry.npmjs.org/fraction.js 43ms (cache hit)
npm http cache https://registry.npmjs.org/caniuse-lite 63ms (cache hit)
npm http cache https://registry.npmjs.org/browserslist 122ms (cache hit)
npm http cache https://registry.npmjs.org/nanoid 48ms (cache hit)
npm http cache https://registry.npmjs.org/source-map-js 33ms (cache hit)
npm http cache https://registry.npmjs.org/postcss-value-parser 127ms (cache hit)
npm http cache https://registry.npmjs.org/dequal 28ms (cache hit)
npm http cache https://registry.npmjs.org/mdast-util-mdx-expression 58ms (cache hit)
npm http cache https://registry.npmjs.org/mdast-util-mdx-jsx 65ms (cache hit)
npm http cache https://registry.npmjs.org/mdast-util-mdxjs-esm 32ms (cache hit)
npm http cache https://registry.npmjs.org/style-to-js 35ms (cache hit)
npm http cache https://registry.npmjs.org/unist-util-position 38ms (cache hit)
npm http cache https://registry.npmjs.org/estree-util-build-jsx 30ms (cache hit)
npm http cache https://registry.npmjs.org/acorn-jsx 213ms (cache hit)
npm http cache https://registry.npmjs.org/estree-util-to-js 350ms (cache hit)
npm http cache https://registry.npmjs.org/recma-parse 358ms (cache hit)
npm http cache https://registry.npmjs.org/estree-util-to-js 51ms (cache hit)
npm http cache https://registry.npmjs.org/mdast-util-mdx 16ms (cache hit)
npm http cache https://registry.npmjs.org/micromark-extension-mdxjs 39ms (cache hit)
npm http cache https://registry.npmjs.org/hast-util-to-estree 100ms (cache hit)
npm http cache https://registry.npmjs.org/util-deprecate 12ms (cache hit)
npm http cache https://registry.npmjs.org/typescript 64ms (cache hit)
npm http cache https://registry.npmjs.org/eslint 13ms (cache hit)
npm http cache https://registry.npmjs.org/@typescript-eslint%2ftsconfig-utils 12ms (cache hit)
npm http cache https://registry.npmjs.org/ms 22ms (cache hit)
npm http cache https://registry.npmjs.org/@typescript-eslint%2fproject-service 31ms (cache hit)
npm http cache https://registry.npmjs.org/brace-expansion 4ms (cache hit)
npm http cache https://registry.npmjs.org/vscode-jsonrpc 5ms (cache hit)
npm http cache https://registry.npmjs.org/@types%2fnode 40ms (cache hit)
npm http cache https://registry.npmjs.org/less 23ms (cache hit)
npm http cache https://registry.npmjs.org/sass 14ms (cache hit)
npm http cache https://registry.npmjs.org/sass-embedded 8ms (cache hit)
npm http cache https://registry.npmjs.org/stylus 9ms (cache hit)
npm http cache https://registry.npmjs.org/sugarss 7ms (cache hit)
npm http cache https://registry.npmjs.org/tsx 7ms (cache hit)
npm http cache https://registry.npmjs.org/typescript 179ms (cache hit)
npm http cache https://registry.npmjs.org/@azure%2fapp-configuration 58ms (cache hit)
npm http cache https://registry.npmjs.org/@azure%2fcosmos 67ms (cache hit)
npm http cache https://registry.npmjs.org/@azure%2fdata-tables 22ms (cache hit)
npm http cache https://registry.npmjs.org/@azure%2fidentity 19ms (cache hit)
npm http cache https://registry.npmjs.org/@azure%2fkeyvault-secrets 39ms (cache hit)
npm http cache https://registry.npmjs.org/@azure%2fstorage-blob 19ms (cache hit)
npm http cache https://registry.npmjs.org/@capacitor%2fpreferences 21ms (cache hit)
npm http cache https://registry.npmjs.org/@capacitor%2fcore 15ms (cache hit)
npm http cache https://registry.npmjs.org/@deno%2fkv 16ms (cache hit)
npm http cache https://registry.npmjs.org/@netlify%2fblobs 6ms (cache hit)
npm http cache https://registry.npmjs.org/@planetscale%2fdatabase 5ms (cache hit)
npm http cache https://registry.npmjs.org/@upstash%2fredis 12ms (cache hit)
npm http cache https://registry.npmjs.org/@vercel%2fblob 11ms (cache hit)
npm http cache https://registry.npmjs.org/@vercel%2ffunctions 7ms (cache hit)
npm http cache https://registry.npmjs.org/@aws-sdk%2fcredential-provider-web-identity 6ms (cache hit)
npm http cache https://registry.npmjs.org/@vercel%2fkv 3ms (cache hit)
npm http cache https://registry.npmjs.org/aws4fetch 10ms (cache hit)
npm http cache https://registry.npmjs.org/db0 20ms (cache hit)
npm http cache https://registry.npmjs.org/@electric-sql%2fpglite 9ms (cache hit)
npm http cache https://registry.npmjs.org/@libsql%2fclient 19ms (cache hit)
npm http cache https://registry.npmjs.org/better-sqlite3 5ms (cache hit)
npm http cache https://registry.npmjs.org/drizzle-orm 795ms (cache hit)
npm http cache https://registry.npmjs.org/@aws-sdk%2fclient-rds-data 31ms (cache hit)
npm http cache https://registry.npmjs.org/@cloudflare%2fworkers-types 25ms (cache hit)
npm http cache https://registry.npmjs.org/@libsql%2fclient-wasm 5ms (cache hit)
npm http cache https://registry.npmjs.org/@neondatabase%2fserverless 15ms (cache hit)
npm http cache https://registry.npmjs.org/@op-engineering%2fop-sqlite 5ms (cache hit)
npm http cache https://registry.npmjs.org/react 44ms (cache hit)
npm http cache https://registry.npmjs.org/react-native 93ms (cache hit)
npm http cache https://registry.npmjs.org/@types%2freact 18ms (cache hit)
npm http cache https://registry.npmjs.org/@opentelemetry%2fapi 7ms (cache hit)
npm http cache https://registry.npmjs.org/@prisma%2fclient 1146ms (cache hit)
npm http cache https://registry.npmjs.org/prisma 295ms (cache hit)
npm http cache https://registry.npmjs.org/typescript 304ms (cache hit)
npm http cache https://registry.npmjs.org/@tidbcloud%2fserverless 12ms (cache hit)
npm http cache https://registry.npmjs.org/@types%2fbetter-sqlite3 12ms (cache hit)
npm http cache https://registry.npmjs.org/@types%2fpg 14ms (cache hit)
npm http cache https://registry.npmjs.org/@types%2fsql.js 15ms (cache hit)
npm http cache https://registry.npmjs.org/@vercel%2fpostgres 7ms (cache hit)
npm http cache https://registry.npmjs.org/@xata.io%2fclient 69ms (cache hit)
npm http cache https://registry.npmjs.org/bun-types 19ms (cache hit)
npm http cache https://registry.npmjs.org/expo-sqlite 15ms (cache hit)
npm http cache https://registry.npmjs.org/expo 26ms (cache hit)
npm http cache https://registry.npmjs.org/@expo%2fdom-webview 61ms (cache hit)
npm http cache https://registry.npmjs.org/@expo%2fmetro-runtime 13ms (cache hit)
npm http cache https://registry.npmjs.org/react-dom 49ms (cache hit)
npm http cache https://registry.npmjs.org/react-native-webview 14ms (cache hit)
npm http cache https://registry.npmjs.org/gel 5ms (cache hit)
npm http cache https://registry.npmjs.org/knex 16ms (cache hit)
npm http cache https://registry.npmjs.org/kysely 13ms (cache hit)
npm http cache https://registry.npmjs.org/mysql2 21ms (cache hit)
npm http cache https://registry.npmjs.org/@types%2fnode 87ms (cache hit)
npm http cache https://registry.npmjs.org/pg 54ms (cache hit)
npm http cache https://registry.npmjs.org/pg-native 11ms (cache hit)
npm http cache https://registry.npmjs.org/postgres 4ms (cache hit)
npm http cache https://registry.npmjs.org/sql.js 12ms (cache hit)
npm http cache https://registry.npmjs.org/sqlite3 5ms (cache hit)
npm http cache https://registry.npmjs.org/idb-keyval 102ms (cache hit)
npm http cache https://registry.npmjs.org/ioredis 11ms (cache hit)
npm http cache https://registry.npmjs.org/uploadthing 31ms (cache hit)
npm http cache https://registry.npmjs.org/express 21ms (cache hit)
npm http cache https://registry.npmjs.org/h3 12ms (cache hit)
npm http cache https://registry.npmjs.org/crossws 43ms (cache hit)
npm http cache https://registry.npmjs.org/srvx 18ms (cache hit)
npm http cache https://registry.npmjs.org/tailwindcss 68ms (cache hit)
npm http cache https://registry.npmjs.org/typescript 188ms (cache hit)
npm http cache https://registry.npmjs.org/rollup 33ms (cache hit)
npm http cache https://registry.npmjs.org/is-wsl 17ms (cache hit)
npm http cache https://registry.npmjs.org/is-docker 47ms (cache hit)
npm http cache https://registry.npmjs.org/which-pm-runs 60ms (cache hit)
npm http cache https://registry.npmjs.org/fontkitten 43ms (cache hit)
npm http cache https://registry.npmjs.org/ansi-align 33ms (cache hit)
npm http cache https://registry.npmjs.org/camelcase 34ms (cache hit)
npm http cache https://registry.npmjs.org/cli-boxes 29ms (cache hit)
npm http cache https://registry.npmjs.org/type-fest 37ms (cache hit)
npm http cache https://registry.npmjs.org/widest-line 42ms (cache hit)
npm http cache https://registry.npmjs.org/base-64 956ms (cache hit)
npm http cache https://registry.npmjs.org/@esbuild%2faix-ppc64 1081ms (cache hit)
npm http cache https://registry.npmjs.org/@esbuild%2fandroid-arm 72ms (cache hit)
npm http cache https://registry.npmjs.org/@esbuild%2fandroid-arm64 73ms (cache hit)
npm http cache https://registry.npmjs.org/@esbuild%2fandroid-x64 69ms (cache hit)
npm http cache https://registry.npmjs.org/@esbuild%2fdarwin-arm64 37ms (cache hit)
npm http cache https://registry.npmjs.org/@esbuild%2fdarwin-x64 33ms (cache hit)
npm http cache https://registry.npmjs.org/@esbuild%2ffreebsd-arm64 21ms (cache hit)
npm http cache https://registry.npmjs.org/@esbuild%2flinux-arm 16ms (cache hit)
npm http cache https://registry.npmjs.org/@esbuild%2ffreebsd-x64 37ms (cache hit)
npm http cache https://registry.npmjs.org/@esbuild%2flinux-arm64 34ms (cache hit)
npm http cache https://registry.npmjs.org/@esbuild%2flinux-ia32 37ms (cache hit)
npm http cache https://registry.npmjs.org/@esbuild%2flinux-mips64el 108ms (cache hit)
npm http cache https://registry.npmjs.org/@esbuild%2flinux-ppc64 18ms (cache hit)
npm http cache https://registry.npmjs.org/@esbuild%2flinux-loong64 188ms (cache hit)
npm http cache https://registry.npmjs.org/@esbuild%2flinux-riscv64 43ms (cache hit)
npm http cache https://registry.npmjs.org/@esbuild%2flinux-s390x 71ms (cache hit)
npm http fetch GET 200 https://registry.npmjs.org/wrap-ansi 1722ms (cache revalidated)
npm http cache https://registry.npmjs.org/@esbuild%2fnetbsd-arm64 48ms (cache hit)
npm http cache https://registry.npmjs.org/@esbuild%2flinux-x64 87ms (cache hit)
npm http cache https://registry.npmjs.org/@esbuild%2fnetbsd-x64 72ms (cache hit)
npm http cache https://registry.npmjs.org/@esbuild%2fopenbsd-x64 39ms (cache hit)
npm http cache https://registry.npmjs.org/@esbuild%2fopenbsd-arm64 53ms (cache hit)
npm http cache https://registry.npmjs.org/@esbuild%2fopenharmony-arm64 57ms (cache hit)
npm http cache https://registry.npmjs.org/@esbuild%2fsunos-x64 143ms (cache hit)
npm http cache https://registry.npmjs.org/@esbuild%2fwin32-arm64 186ms (cache hit)
npm http cache https://registry.npmjs.org/@esbuild%2fwin32-ia32 138ms (cache hit)
npm http cache https://registry.npmjs.org/@esbuild%2fwin32-x64 146ms (cache hit)
npm http cache https://registry.npmjs.org/@babel%2fparser 103ms (cache hit)
npm http cache https://registry.npmjs.org/@babel%2ftypes 55ms (cache hit)
npm http cache https://registry.npmjs.org/yocto-queue 70ms (cache hit)
npm http cache https://registry.npmjs.org/eventemitter3 57ms (cache hit)
npm http cache https://registry.npmjs.org/p-timeout 89ms (cache hit)
npm http cache https://registry.npmjs.org/sisteransi 113ms (cache hit)
npm http cache https://registry.npmjs.org/rehype-parse 229ms (cache hit)
npm http cache https://registry.npmjs.org/css-tree 199ms (cache hit)
npm http cache https://registry.npmjs.org/css-what 92ms (cache hit)
npm http cache https://registry.npmjs.org/css-select 154ms (cache hit)
npm http cache https://registry.npmjs.org/ofetch 128ms (cache hit)
npm http cache https://registry.npmjs.org/ohash 120ms (cache hit)
npm http cache https://registry.npmjs.org/destr 27ms (cache hit)
npm http cache https://registry.npmjs.org/anymatch 20ms (cache hit)
npm http cache https://registry.npmjs.org/ufo 78ms (cache hit)
npm http cache https://registry.npmjs.org/node-fetch-native 23ms (cache hit)
npm http cache https://registry.npmjs.org/lru-cache 56ms (cache hit)
npm http cache https://registry.npmjs.org/rollup 68ms (cache hit)
npm http cache https://registry.npmjs.org/yoctocolors 31ms (cache hit)
npm http cache https://registry.npmjs.org/esbuild 326ms (cache hit)
npm http cache https://registry.npmjs.org/fsevents 339ms (cache hit)
npm http cache https://registry.npmjs.org/is-inside-container 14ms (cache hit)
npm http cache https://registry.npmjs.org/tiny-inflate 5ms (cache hit)
npm http cache https://registry.npmjs.org/@types%2fcss-tree 17ms (cache hit)
npm http cache https://registry.npmjs.org/@nodelib%2ffs.stat 18ms (cache hit)
npm http cache https://registry.npmjs.org/@types%2fnode 93ms (cache hit)
npm http cache https://registry.npmjs.org/camel-case 36ms (cache hit)
npm http cache https://registry.npmjs.org/@nodelib%2ffs.walk 460ms (cache hit)
npm http cache https://registry.npmjs.org/merge2 453ms (cache hit)
npm http cache https://registry.npmjs.org/param-case 15ms (cache hit)
npm http cache https://registry.npmjs.org/clean-css 37ms (cache hit)
npm http cache https://registry.npmjs.org/relateurl 289ms (cache hit)
npm http cache https://registry.npmjs.org/lightningcss-win32-x64-msvc 29ms (cache hit)
npm http cache https://registry.npmjs.org/lightningcss-linux-x64-gnu 86ms (cache hit)
npm http cache https://registry.npmjs.org/lightningcss-darwin-x64 373ms (cache hit)
npm http cache https://registry.npmjs.org/lightningcss-win32-arm64-msvc 57ms (cache hit)
npm http cache https://registry.npmjs.org/lightningcss-linux-arm64-gnu 33ms (cache hit)
npm http cache https://registry.npmjs.org/lightningcss-darwin-arm64 90ms (cache hit)
npm http cache https://registry.npmjs.org/lightningcss-linux-x64-musl 35ms (cache hit)
npm http cache https://registry.npmjs.org/lightningcss-linux-arm64-musl 68ms (cache hit)
npm http cache https://registry.npmjs.org/lightningcss-linux-arm-gnueabihf 107ms (cache hit)
npm http cache https://registry.npmjs.org/@img%2fcolour 10ms (cache hit)
npm http cache https://registry.npmjs.org/lightningcss-freebsd-x64 52ms (cache hit)
npm http cache https://registry.npmjs.org/lightningcss-android-arm64 66ms (cache hit)
npm http cache https://registry.npmjs.org/@img%2fsharp-linux-riscv64 38ms (cache hit)
npm http cache https://registry.npmjs.org/@img%2fsharp-libvips-linux-riscv64 22ms (cache hit)
npm http cache https://registry.npmjs.org/source-map-support 11ms (cache hit)
npm http cache https://registry.npmjs.org/@jridgewell%2fsource-map 13ms (cache hit)
npm http cache https://registry.npmjs.org/undici-types 5ms (cache hit)
npm http cache https://registry.npmjs.org/astro 23ms (cache hit)
npm http cache https://registry.npmjs.org/@astro-community%2fastro-embed-utils 32ms (cache hit)
npm http cache https://registry.npmjs.org/@astro-community%2fastro-embed-utils 37ms (cache hit)
npm http cache https://registry.npmjs.org/@atproto%2fapi 41ms (cache hit)
npm http cache https://registry.npmjs.org/unist-util-select 17ms (cache hit)
npm http cache https://registry.npmjs.org/astro-auto-import 28ms (cache hit)
npm http cache https://registry.npmjs.org/@parse5%2ftools 17ms (cache hit)
npm http cache https://registry.npmjs.org/lite-youtube-embed 8ms (cache hit)
npm http cache https://registry.npmjs.org/tlds 14ms (cache hit)
npm http cache https://registry.npmjs.org/zod 32ms (cache hit)
npm http fetch GET 200 https://registry.npmjs.org/await-lock 131ms (cache revalidated)
npm http fetch GET 200 https://registry.npmjs.org/multiformats 254ms (cache revalidated)
npm http fetch GET 200 https://registry.npmjs.org/@atproto%2fxrpc 370ms (cache revalidated)
npm http fetch GET 200 https://registry.npmjs.org/@atproto%2flexicon 240ms (cache revalidated)
npm http fetch GET 200 https://registry.npmjs.org/@atproto%2fsyntax 430ms (cache revalidated)
npm http fetch GET 200 https://registry.npmjs.org/@atproto%2fcommon-web 539ms (cache revalidated)
npm http cache https://registry.npmjs.org/astro 37ms (cache hit)
npm http cache https://registry.npmjs.org/nth-check 21ms (cache hit)
npm http fetch GET 200 https://registry.npmjs.org/css-selector-parser 94ms (cache revalidated)
npm http cache https://registry.npmjs.org/estraverse 21ms (cache hit)
npm http cache https://registry.npmjs.org/synckit 36ms (cache hit)
npm http cache https://registry.npmjs.org/esrecurse 39ms (cache hit)
npm http cache https://registry.npmjs.org/is-extglob 28ms (cache hit)
npm http cache https://registry.npmjs.org/tar 32ms (cache hit)
npm http cache https://registry.npmjs.org/pathe 45ms (cache hit)
npm http cache https://registry.npmjs.org/cheerio 59ms (cache hit)
npm http cache https://registry.npmjs.org/local-pkg 32ms (cache hit)
npm http cache https://registry.npmjs.org/domhandler 24ms (cache hit)
npm http cache https://registry.npmjs.org/mlly 14ms (cache hit)
npm http cache https://registry.npmjs.org/extract-zip 35ms (cache hit)
npm http cache https://registry.npmjs.org/kolorist 26ms (cache hit)
npm http cache https://registry.npmjs.org/@antfu%2finstall-pkg 10ms (cache hit)
npm http cache https://registry.npmjs.org/@antfu%2futils 17ms (cache hit)
npm http fetch GET 200 https://registry.npmjs.org/@pkgr%2fcore 101ms (cache revalidated)
npm http cache https://registry.npmjs.org/baseline-browser-mapping 261ms (cache hit)
npm http cache https://registry.npmjs.org/caniuse-lite 575ms (cache hit)
npm http cache https://registry.npmjs.org/electron-to-chromium 789ms (cache hit)
npm http cache https://registry.npmjs.org/node-releases 423ms (cache hit)
npm http cache https://registry.npmjs.org/update-browserslist-db 235ms (cache hit)
npm http cache https://registry.npmjs.org/strip-ansi 27ms (cache hit)
npm http cache https://registry.npmjs.org/get-east-asian-width 28ms (cache hit)
npm http cache https://registry.npmjs.org/emoji-regex 34ms (cache hit)
npm http cache https://registry.npmjs.org/ansi-styles 12ms (cache hit)
npm http cache https://registry.npmjs.org/is-fullwidth-code-point 9ms (cache hit)
npm http cache https://registry.npmjs.org/mdn-data 7ms (cache hit)
npm http cache https://registry.npmjs.org/@types%2fjson-schema 10ms (cache hit)
npm http cache https://registry.npmjs.org/@eslint%2fobject-schema 16ms (cache hit)
npm http cache https://registry.npmjs.org/import-fresh 16ms (cache hit)
npm http cache https://registry.npmjs.org/strip-json-comments 13ms (cache hit)
npm http cache https://registry.npmjs.org/levn 15ms (cache hit)
npm http cache https://registry.npmjs.org/@humanfs%2fcore 14ms (cache hit)
npm http cache https://registry.npmjs.org/fast-json-stable-stringify 24ms (cache hit)
npm http cache https://registry.npmjs.org/uri-js 20ms (cache hit)
npm http cache https://registry.npmjs.org/json-schema-traverse 30ms (cache hit)
npm http cache https://registry.npmjs.org/supports-color 15ms (cache hit)
npm http cache https://registry.npmjs.org/which 18ms (cache hit)
npm http cache https://registry.npmjs.org/path-key 18ms (cache hit)
npm http cache https://registry.npmjs.org/shebang-command 19ms (cache hit)
npm http cache https://registry.npmjs.org/locate-path 17ms (cache hit)
npm http cache https://registry.npmjs.org/flat-cache 35ms (cache hit)
npm http cache https://registry.npmjs.org/path-exists 25ms (cache hit)
npm http cache https://registry.npmjs.org/prelude-ls 24ms (cache hit)
npm http cache https://registry.npmjs.org/deep-is 11ms (cache hit)
npm http cache https://registry.npmjs.org/word-wrap 12ms (cache hit)
npm http cache https://registry.npmjs.org/type-check 11ms (cache hit)
npm http cache https://registry.npmjs.org/fast-levenshtein 10ms (cache hit)
npm http cache https://registry.npmjs.org/resolve-from 12ms (cache hit)
npm http cache https://registry.npmjs.org/parent-module 13ms (cache hit)
npm http cache https://registry.npmjs.org/shebang-regex 6ms (cache hit)
npm http fetch GET 200 https://registry.npmjs.org/isexe 59ms (cache revalidated)
npm http cache https://registry.npmjs.org/eslint 15ms (cache hit)
npm http cache https://registry.npmjs.org/fastq 19ms (cache hit)
npm http cache https://registry.npmjs.org/@nodelib%2ffs.scandir 24ms (cache hit)
npm http cache https://registry.npmjs.org/braces 24ms (cache hit)
npm http cache https://registry.npmjs.org/run-parallel 7ms (cache hit)
npm http cache https://registry.npmjs.org/reusify 8ms (cache hit)
npm http cache https://registry.npmjs.org/queue-microtask 5ms (cache hit)
npm http cache https://registry.npmjs.org/path-expression-matcher 4ms (cache hit)
npm http cache https://registry.npmjs.org/flatted 5ms (cache hit)
npm http cache https://registry.npmjs.org/keyv 9ms (cache hit)
npm http cache https://registry.npmjs.org/p-locate 8ms (cache hit)
npm http cache https://registry.npmjs.org/json-buffer 5ms (cache hit)
npm http cache https://registry.npmjs.org/vfile-location 9ms (cache hit)
npm http cache https://registry.npmjs.org/hastscript 11ms (cache hit)
npm http cache https://registry.npmjs.org/web-namespaces 14ms (cache hit)
npm http cache https://registry.npmjs.org/hast-util-parse-selector 8ms (cache hit)
npm http cache https://registry.npmjs.org/@ungap%2fstructured-clone 25ms (cache hit)
npm http cache https://registry.npmjs.org/micromark-util-sanitize-uri 30ms (cache hit)
npm http cache https://registry.npmjs.org/trim-lines 33ms (cache hit)
npm http cache https://registry.npmjs.org/character-entities-legacy 8ms (cache hit)
npm http fetch GET 200 https://registry.npmjs.org/character-entities-html4 665ms (cache revalidated)
npm http cache https://registry.npmjs.org/parse-entities 37ms (cache hit)
npm http cache https://registry.npmjs.org/mdast-util-to-markdown 56ms (cache hit)
npm http cache https://registry.npmjs.org/mdast-util-to-markdown 82ms (cache hit)
npm http cache https://registry.npmjs.org/mdast-util-to-markdown 98ms (cache hit)
npm http cache https://registry.npmjs.org/style-to-object 98ms (cache hit)
npm http cache https://registry.npmjs.org/tslib 24ms (cache hit)
npm http cache https://registry.npmjs.org/dot-case 42ms (cache hit)
npm http cache https://registry.npmjs.org/pascal-case 55ms (cache hit)
npm http cache https://registry.npmjs.org/no-case 11ms (cache hit)
npm http cache https://registry.npmjs.org/callsites 33ms (cache hit)
npm http cache https://registry.npmjs.org/@babel%2fhelper-string-parser 7ms (cache hit)
npm http cache https://registry.npmjs.org/@babel%2fhelper-validator-identifier 8ms (cache hit)
npm http cache https://registry.npmjs.org/decode-named-character-reference 14ms (cache hit)
npm http cache https://registry.npmjs.org/micromark 18ms (cache hit)
npm http cache https://registry.npmjs.org/micromark-util-decode-numeric-character-reference 23ms (cache hit)
npm http cache https://registry.npmjs.org/micromark-util-decode-string 18ms (cache hit)
npm http cache https://registry.npmjs.org/micromark-util-normalize-identifier 15ms (cache hit)
npm http cache https://registry.npmjs.org/micromark-util-symbol 14ms (cache hit)
npm http cache https://registry.npmjs.org/mdast-util-phrasing 16ms (cache hit)
npm http cache https://registry.npmjs.org/longest-streak 21ms (cache hit)
npm http cache https://registry.npmjs.org/micromark-util-classify-character 25ms (cache hit)
npm http cache https://registry.npmjs.org/character-entities 18ms (cache hit)
npm http cache https://registry.npmjs.org/micromark-core-commonmark 18ms (cache hit)
npm http cache https://registry.npmjs.org/@types%2fdebug 22ms (cache hit)
npm http cache https://registry.npmjs.org/micromark-util-character 14ms (cache hit)
npm http cache https://registry.npmjs.org/micromark-factory-space 18ms (cache hit)
npm http cache https://registry.npmjs.org/micromark-util-chunked 17ms (cache hit)
npm http cache https://registry.npmjs.org/micromark-util-encode 13ms (cache hit)
npm http cache https://registry.npmjs.org/micromark-util-combine-extensions 19ms (cache hit)
npm http cache https://registry.npmjs.org/micromark-util-resolve-all 14ms (cache hit)
npm http cache https://registry.npmjs.org/micromark-util-subtokenize 15ms (cache hit)
npm http cache https://registry.npmjs.org/character-reference-invalid 12ms (cache hit)
npm http cache https://registry.npmjs.org/is-decimal 14ms (cache hit)
npm http cache https://registry.npmjs.org/is-alphanumerical 19ms (cache hit)
npm http cache https://registry.npmjs.org/is-hexadecimal 9ms (cache hit)
npm http cache https://registry.npmjs.org/@types%2fms 19ms (cache hit)
npm http cache https://registry.npmjs.org/micromark-factory-destination 21ms (cache hit)
npm http cache https://registry.npmjs.org/micromark-factory-label 23ms (cache hit)
npm http cache https://registry.npmjs.org/micromark-factory-whitespace 11ms (cache hit)
npm http cache https://registry.npmjs.org/micromark-factory-title 15ms (cache hit)
npm http cache https://registry.npmjs.org/micromark-util-html-tag-name 12ms (cache hit)
npm http cache https://registry.npmjs.org/fill-range 9ms (cache hit)
npm http cache https://registry.npmjs.org/to-regex-range 4ms (cache hit)
npm http cache https://registry.npmjs.org/is-number 9ms (cache hit)
npm http cache https://registry.npmjs.org/balanced-match 4ms (cache hit)
npm http cache https://registry.npmjs.org/lower-case 4ms (cache hit)
npm http cache https://registry.npmjs.org/is-alphabetical 4ms (cache hit)
npm http cache https://registry.npmjs.org/suf-log 12ms (cache hit)
npm http cache https://registry.npmjs.org/astring 16ms (cache hit)
npm http cache https://registry.npmjs.org/esast-util-from-js 22ms (cache hit)
npm http cache https://registry.npmjs.org/esast-util-from-estree 4ms (cache hit)
npm http cache https://registry.npmjs.org/hast-util-to-parse5 5ms (cache hit)
npm http cache https://registry.npmjs.org/estree-util-attach-comments 20ms (cache hit)
npm http cache https://registry.npmjs.org/mdast-util-gfm-autolink-literal 28ms (cache hit)
npm http cache https://registry.npmjs.org/mdast-util-gfm-footnote 47ms (cache hit)
npm http cache https://registry.npmjs.org/mdast-util-gfm-strikethrough 39ms (cache hit)
npm http cache https://registry.npmjs.org/mdast-util-gfm-table 24ms (cache hit)
npm http cache https://registry.npmjs.org/micromark-extension-gfm-autolink-literal 14ms (cache hit)
npm http cache https://registry.npmjs.org/mdast-util-gfm-task-list-item 26ms (cache hit)
npm http cache https://registry.npmjs.org/micromark-extension-gfm-footnote 27ms (cache hit)
npm http cache https://registry.npmjs.org/micromark-extension-gfm-strikethrough 29ms (cache hit)
npm http cache https://registry.npmjs.org/micromark-extension-gfm-table 38ms (cache hit)
npm http cache https://registry.npmjs.org/micromark-extension-gfm-tagfilter 27ms (cache hit)
npm http cache https://registry.npmjs.org/micromark-extension-gfm-task-list-item 15ms (cache hit)
npm http cache https://registry.npmjs.org/mdast-util-find-and-replace 15ms (cache hit)
npm http cache https://registry.npmjs.org/markdown-table 16ms (cache hit)
npm http cache https://registry.npmjs.org/micromark-extension-mdx-expression 13ms (cache hit)
npm http cache https://registry.npmjs.org/micromark-extension-mdx-md 14ms (cache hit)
npm http cache https://registry.npmjs.org/micromark-extension-mdx-jsx 20ms (cache hit)
npm http cache https://registry.npmjs.org/micromark-extension-mdxjs-esm 9ms (cache hit)
npm http cache https://registry.npmjs.org/micromark-util-events-to-acorn 19ms (cache hit)
npm http cache https://registry.npmjs.org/micromark-factory-mdx-expression 24ms (cache hit)
npm http cache https://registry.npmjs.org/micromark-factory-mdx-expression 34ms (cache hit)
npm http cache https://registry.npmjs.org/retext-latin 42ms (cache hit)
npm http cache https://registry.npmjs.org/retext-stringify 116ms (cache hit)
npm http cache https://registry.npmjs.org/@types%2fnlcst 338ms (cache hit)
npm http cache https://registry.npmjs.org/@types%2fnlcst 267ms (cache hit)
npm http cache https://registry.npmjs.org/nlcst-to-string 67ms (cache hit)
npm http cache https://registry.npmjs.org/parse-latin 37ms (cache hit)
npm http cache https://registry.npmjs.org/unist-util-modify-children 14ms (cache hit)
npm http cache https://registry.npmjs.org/unist-util-visit-children 22ms (cache hit)
npm http cache https://registry.npmjs.org/array-iterate 14ms (cache hit)
npm http cache https://registry.npmjs.org/s.color 6ms (cache hit)
npm http cache https://registry.npmjs.org/@emnapi%2fruntime 19ms (cache hit)
npm http cache https://registry.npmjs.org/color-string 22ms (cache hit)
npm http cache https://registry.npmjs.org/color-convert 23ms (cache hit)
npm http cache https://registry.npmjs.org/color-name 10ms (cache hit)
npm http cache https://registry.npmjs.org/simple-swizzle 10ms (cache hit)
npm http cache https://registry.npmjs.org/color-name 13ms (cache hit)
npm http cache https://registry.npmjs.org/is-arrayish 5ms (cache hit)
npm http cache https://registry.npmjs.org/oniguruma-to-es 11ms (cache hit)
npm http cache https://registry.npmjs.org/oniguruma-parser 9ms (cache hit)
npm http cache https://registry.npmjs.org/regex 10ms (cache hit)
npm http cache https://registry.npmjs.org/regex-recursion 12ms (cache hit)
npm http cache https://registry.npmjs.org/regex-utilities 12ms (cache hit)
npm http cache https://registry.npmjs.org/regex-utilities 18ms (cache hit)
npm http cache https://registry.npmjs.org/ansi-regex 12ms (cache hit)
npm http cache https://registry.npmjs.org/inline-style-parser 21ms (cache hit)
npm http cache https://registry.npmjs.org/boolbase 14ms (cache hit)
npm http cache https://registry.npmjs.org/domutils 15ms (cache hit)
npm http cache https://registry.npmjs.org/dom-serializer 11ms (cache hit)
npm http cache https://registry.npmjs.org/domelementtype 13ms (cache hit)
npm http cache https://registry.npmjs.org/domelementtype 13ms (cache hit)
npm http cache https://registry.npmjs.org/is-binary-path 23ms (cache hit)
npm http cache https://registry.npmjs.org/camelcase-css 11ms (cache hit)
npm http cache https://registry.npmjs.org/read-cache 15ms (cache hit)
npm http cache https://registry.npmjs.org/path-parse 26ms (cache hit)
npm http cache https://registry.npmjs.org/is-core-module 43ms (cache hit)
npm http cache https://registry.npmjs.org/supports-preserve-symlinks-flag 53ms (cache hit)
npm http cache https://registry.npmjs.org/lines-and-columns 18ms (cache hit)
npm http cache https://registry.npmjs.org/mz 36ms (cache hit)
npm http cache https://registry.npmjs.org/@jridgewell%2fgen-mapping 59ms (cache hit)
npm http cache https://registry.npmjs.org/pirates 22ms (cache hit)
npm http cache https://registry.npmjs.org/ts-interface-checker 15ms (cache hit)
npm http cache https://registry.npmjs.org/pify 4ms (cache hit)
npm http cache https://registry.npmjs.org/hasown 4ms (cache hit)
npm http cache https://registry.npmjs.org/function-bind 5ms (cache hit)
npm http cache https://registry.npmjs.org/@jridgewell%2ftrace-mapping 25ms (cache hit)
npm http cache https://registry.npmjs.org/object-assign 28ms (cache hit)
npm http cache https://registry.npmjs.org/any-promise 32ms (cache hit)
npm http cache https://registry.npmjs.org/thenify-all 8ms (cache hit)
npm http cache https://registry.npmjs.org/@jridgewell%2fresolve-uri 5ms (cache hit)
npm http cache https://registry.npmjs.org/thenify 5ms (cache hit)
npm http cache https://registry.npmjs.org/buffer-from 15ms (cache hit)
npm http cache https://registry.npmjs.org/iron-webcrypto 9ms (cache hit)
npm http cache https://registry.npmjs.org/cookie-es 99ms (cache hit)
npm http cache https://registry.npmjs.org/defu 112ms (cache hit)
npm http cache https://registry.npmjs.org/node-mock-http 60ms (cache hit)
npm http cache https://registry.npmjs.org/radix3 52ms (cache hit)
npm http cache https://registry.npmjs.org/uncrypto 116ms (cache hit)
npm http cache https://registry.npmjs.org/@rollup%2frollup-darwin-arm64 45ms (cache hit)
npm http cache https://registry.npmjs.org/@rollup%2frollup-android-arm64 139ms (cache hit)
npm http cache https://registry.npmjs.org/@rollup%2frollup-win32-arm64-msvc 178ms (cache hit)
npm http cache https://registry.npmjs.org/@rollup%2frollup-freebsd-arm64 98ms (cache hit)
npm http cache https://registry.npmjs.org/@rollup%2frollup-linux-arm64-gnu 90ms (cache hit)
npm http cache https://registry.npmjs.org/@rollup%2frollup-android-arm-eabi 50ms (cache hit)
npm http cache https://registry.npmjs.org/@rollup%2frollup-linux-arm64-musl 137ms (cache hit)
npm http cache https://registry.npmjs.org/@rollup%2frollup-linux-arm-gnueabihf 82ms (cache hit)
npm http cache https://registry.npmjs.org/@rollup%2frollup-linux-loong64-gnu 6ms (cache hit)
npm http cache https://registry.npmjs.org/@rollup%2frollup-linux-arm-musleabihf 85ms (cache hit)
npm http cache https://registry.npmjs.org/@rollup%2frollup-win32-ia32-msvc 46ms (cache hit)
npm http cache https://registry.npmjs.org/@rollup%2frollup-linux-loong64-musl 92ms (cache hit)
npm http cache https://registry.npmjs.org/@rollup%2frollup-linux-riscv64-musl 72ms (cache hit)
npm http cache https://registry.npmjs.org/@rollup%2frollup-linux-riscv64-gnu 112ms (cache hit)
npm http cache https://registry.npmjs.org/@rollup%2frollup-linux-ppc64-gnu 46ms (cache hit)
npm http cache https://registry.npmjs.org/@rollup%2frollup-linux-s390x-gnu 22ms (cache hit)
npm http cache https://registry.npmjs.org/@rollup%2frollup-linux-ppc64-musl 46ms (cache hit)
npm http cache https://registry.npmjs.org/@rollup%2frollup-win32-x64-gnu 23ms (cache hit)
npm http cache https://registry.npmjs.org/@rollup%2frollup-darwin-x64 53ms (cache hit)
npm http cache https://registry.npmjs.org/@rollup%2frollup-win32-x64-msvc 174ms (cache hit)
npm http cache https://registry.npmjs.org/@rollup%2frollup-freebsd-x64 147ms (cache hit)
npm http cache https://registry.npmjs.org/@rollup%2frollup-linux-x64-gnu 79ms (cache hit)
npm http cache https://registry.npmjs.org/@rollup%2frollup-linux-x64-musl 59ms (cache hit)
npm http cache https://registry.npmjs.org/@rollup%2frollup-openbsd-x64 53ms (cache hit)
npm http cache https://registry.npmjs.org/@rollup%2frollup-openharmony-arm64 28ms (cache hit)
npm http cache https://registry.npmjs.org/@emmetio%2fscanner 16ms (cache hit)
npm http cache https://registry.npmjs.org/@emmetio%2fstream-reader 38ms (cache hit)
npm http cache https://registry.npmjs.org/@emmetio%2fstream-reader-utils 44ms (cache hit)
npm http cache https://registry.npmjs.org/emmet 47ms (cache hit)
npm http cache https://registry.npmjs.org/jsonc-parser 71ms (cache hit)
npm http cache https://registry.npmjs.org/@emmetio%2fabbreviation 18ms (cache hit)
npm http cache https://registry.npmjs.org/@emmetio%2fcss-abbreviation 29ms (cache hit)
npm http cache https://registry.npmjs.org/ajv 24ms (cache hit)
npm http cache https://registry.npmjs.org/ajv-draft-04 51ms (cache hit)
npm http cache https://registry.npmjs.org/vscode-json-languageservice 54ms (cache hit)
npm http cache https://registry.npmjs.org/fast-uri 36ms (cache hit)
npm http cache https://registry.npmjs.org/require-from-string 83ms (cache hit)
npm http cache https://registry.npmjs.org/@atproto%2flex-json 19ms (cache hit)
npm http cache https://registry.npmjs.org/iso-datestring-validator 35ms (cache hit)
npm http cache https://registry.npmjs.org/@atproto%2flex-data 86ms (cache hit)
npm http cache https://registry.npmjs.org/uint8arrays 37ms (cache hit)
npm http cache https://registry.npmjs.org/unicode-segmenter 54ms (cache hit)
npm http cache https://registry.npmjs.org/concat-map 4ms (cache hit)
npm http cache https://registry.npmjs.org/punycode 4ms (cache hit)
npm http cache https://registry.npmjs.org/htmlparser2 29ms (cache hit)
npm http cache https://registry.npmjs.org/undici 47ms (cache hit)
npm http cache https://registry.npmjs.org/cheerio-select 80ms (cache hit)
npm http cache https://registry.npmjs.org/whatwg-mimetype 73ms (cache hit)
npm http cache https://registry.npmjs.org/encoding-sniffer 34ms (cache hit)
npm http cache https://registry.npmjs.org/parse5-parser-stream 33ms (cache hit)
npm http cache https://registry.npmjs.org/parse5-htmlparser2-tree-adapter 32ms (cache hit)
npm http cache https://registry.npmjs.org/get-stream 36ms (cache hit)
npm http cache https://registry.npmjs.org/yauzl 29ms (cache hit)
npm http cache https://registry.npmjs.org/@types%2fyauzl 15ms (cache hit)
npm http cache https://registry.npmjs.org/pkg-types 14ms (cache hit)
npm http cache https://registry.npmjs.org/quansync 15ms (cache hit)
npm http cache https://registry.npmjs.org/@isaacs%2ffs-minipass 15ms (cache hit)
npm http cache https://registry.npmjs.org/chownr 14ms (cache hit)
npm http cache https://registry.npmjs.org/minipass 23ms (cache hit)
npm http cache https://registry.npmjs.org/minizlib 24ms (cache hit)
npm http cache https://registry.npmjs.org/yallist 22ms (cache hit)
npm http cache https://registry.npmjs.org/iconv-lite 8ms (cache hit)
npm http cache https://registry.npmjs.org/whatwg-encoding 10ms (cache hit)
npm http cache https://registry.npmjs.org/safer-buffer 3ms (cache hit)
npm http cache https://registry.npmjs.org/pump 15ms (cache hit)
npm http cache https://registry.npmjs.org/buffer-crc32 15ms (cache hit)
npm http cache https://registry.npmjs.org/fd-slicer 21ms (cache hit)
npm http cache https://registry.npmjs.org/end-of-stream 11ms (cache hit)
npm http cache https://registry.npmjs.org/once 13ms (cache hit)
npm http cache https://registry.npmjs.org/confbox 6ms (cache hit)
npm http cache https://registry.npmjs.org/exsolve 9ms (cache hit)
npm http cache https://registry.npmjs.org/wrappy 14ms (cache hit)
npm http cache https://registry.npmjs.org/pend 11ms (cache hit)
npm http cache https://registry.npmjs.org/has-flag 5ms (cache hit)
npm http cache https://registry.npmjs.org/binary-extensions 4ms (cache hit)
npm warn EBADENGINE Unsupported engine {
npm warn EBADENGINE   package: '@onwidget/astrowind@1.0.0-beta.52',
npm warn EBADENGINE   required: { node: '>=22.0.0' },
npm warn EBADENGINE   current: { node: 'v20.19.4', npm: '11.6.3' }
npm warn EBADENGINE }
npm warn EBADENGINE Unsupported engine {
npm warn EBADENGINE   package: 'sitemap@9.0.1',
npm warn EBADENGINE   required: { npm: '>=10.8.2', node: '>=20.19.5' },
npm warn EBADENGINE   current: { node: 'v20.19.4', npm: '11.6.3' }
npm warn EBADENGINE }

up to date in 57s
npm verbose cwd /mnt/e/OTHER_PROJECTS/astrowind-leaftix
npm verbose os Linux 6.6.87.2-microsoft-standard-WSL2
npm verbose node v20.19.4
npm verbose npm  v11.6.3
npm verbose exit 0
npm info ok
 GET 200 https://registry.npmjs.org/@rollup%2frollup-win32-ia32-msvc 468ms (cache revalidated)
npm http fetch GET 200 https://registry.npmjs.org/@rollup%2frollup-linux-loong64-gnu 444ms (cache revalidated)
npm http fetch GET 200 https://registry.npmjs.org/@rollup%2frollup-linux-riscv64-gnu 222ms (cache revalidated)
npm http fetch GET 200 https://registry.npmjs.org/@rollup%2frollup-linux-loong64-musl 305ms (cache revalidated)
npm http fetch GET 200 https://registry.npmjs.org/@rollup%2frollup-linux-riscv64-musl 266ms (cache revalidated)
npm http fetch GET 200 https://registry.npmjs.org/@rollup%2frollup-linux-ppc64-gnu 108ms (cache revalidated)
npm http fetch GET 200 https://registry.npmjs.org/@rollup%2frollup-linux-s390x-gnu 95ms (cache revalidated)
npm http fetch GET 200 https://registry.npmjs.org/@rollup%2frollup-darwin-x64 54ms (cache revalidated)
npm http fetch GET 200 https://registry.npmjs.org/@rollup%2frollup-linux-ppc64-musl 145ms (cache revalidated)
npm http fetch GET 200 https://registry.npmjs.org/@rollup%2frollup-win32-x64-gnu 79ms (cache revalidated)
npm http fetch GET 200 https://registry.npmjs.org/@rollup%2frollup-freebsd-x64 136ms (cache revalidated)
npm http fetch GET 200 https://registry.npmjs.org/@rollup%2frollup-win32-x64-msvc 178ms (cache revalidated)
npm http fetch GET 200 https://registry.npmjs.org/@rollup%2frollup-linux-x64-musl 83ms (cache revalidated)
npm http fetch GET 200 https://registry.npmjs.org/@rollup%2frollup-openbsd-x64 85ms (cache revalidated)
npm http fetch GET 200 https://registry.npmjs.org/@rollup%2frollup-linux-x64-gnu 227ms (cache revalidated)
npm http fetch GET 200 https://registry.npmjs.org/@rollup%2frollup-openharmony-arm64 72ms (cache revalidated)
npm http fetch GET 200 https://registry.npmjs.org/@emmetio%2fstream-reader-utils 129ms (cache revalidated)
npm http fetch GET 200 https://registry.npmjs.org/@emmetio%2fscanner 155ms (cache revalidated)
npm http fetch GET 200 https://registry.npmjs.org/emmet 136ms (cache revalidated)
npm http fetch GET 200 https://registry.npmjs.org/@emmetio%2fstream-reader 320ms (cache revalidated)
npm http fetch GET 200 https://registry.npmjs.org/jsonc-parser 200ms (cache revalidated)
npm http fetch GET 200 https://registry.npmjs.org/@emmetio%2fcss-abbreviation 101ms (cache revalidated)
npm http fetch GET 200 https://registry.npmjs.org/@emmetio%2fabbreviation 427ms (cache revalidated)
npm http cache https://registry.npmjs.org/ajv 38ms (cache hit)
npm http fetch GET 200 https://registry.npmjs.org/ajv-draft-04 99ms (cache revalidated)
npm http fetch GET 200 https://registry.npmjs.org/vscode-json-languageservice 201ms (cache revalidated)
npm http fetch GET 200 https://registry.npmjs.org/fast-uri 45ms (cache revalidated)
npm http fetch GET 200 https://registry.npmjs.org/require-from-string 74ms (cache revalidated)
npm http fetch GET 200 https://registry.npmjs.org/iso-datestring-validator 143ms (cache revalidated)
npm http fetch GET 200 https://registry.npmjs.org/@atproto%2flex-data 294ms (cache revalidated)
npm http fetch GET 200 https://registry.npmjs.org/@atproto%2flex-json 321ms (cache revalidated)
npm http fetch GET 200 https://registry.npmjs.org/uint8arrays 53ms (cache revalidated)
npm http fetch GET 200 https://registry.npmjs.org/unicode-segmenter 102ms (cache revalidated)
npm http fetch GET 200 https://registry.npmjs.org/concat-map 43ms (cache revalidated)
npm http fetch GET 200 https://registry.npmjs.org/punycode 74ms (cache revalidated)
npm http fetch GET 200 https://registry.npmjs.org/cheerio-select 51ms (cache revalidated)
npm http fetch GET 200 https://registry.npmjs.org/htmlparser2 62ms (cache revalidated)
npm http fetch GET 200 https://registry.npmjs.org/undici 76ms (cache revalidated)
npm http fetch GET 200 https://registry.npmjs.org/whatwg-mimetype 51ms (cache revalidated)
npm http fetch GET 200 https://registry.npmjs.org/parse5-htmlparser2-tree-adapter 440ms (cache revalidated)
npm http fetch GET 200 https://registry.npmjs.org/parse5-parser-stream 496ms (cache revalidated)
npm http fetch GET 200 https://registry.npmjs.org/encoding-sniffer 577ms (cache revalidated)
npm http fetch GET 200 https://registry.npmjs.org/get-stream 132ms (cache revalidated)
npm http fetch GET 200 https://registry.npmjs.org/pkg-types 66ms (cache revalidated)
npm http fetch GET 200 https://registry.npmjs.org/@types%2fyauzl 176ms (cache revalidated)
npm http fetch GET 200 https://registry.npmjs.org/yauzl 246ms (cache revalidated)
npm http fetch GET 200 https://registry.npmjs.org/chownr 49ms (cache revalidated)
npm http fetch GET 200 https://registry.npmjs.org/quansync 121ms (cache revalidated)
npm http fetch GET 200 https://registry.npmjs.org/@isaacs%2ffs-minipass 123ms (cache revalidated)
npm http fetch GET 200 https://registry.npmjs.org/minizlib 66ms (cache revalidated)
npm http fetch GET 200 https://registry.npmjs.org/minipass 91ms (cache revalidated)
npm http fetch GET 200 https://registry.npmjs.org/yallist 86ms (cache revalidated)
npm http fetch GET 200 https://registry.npmjs.org/whatwg-encoding 56ms (cache revalidated)
npm http fetch GET 200 https://registry.npmjs.org/iconv-lite 64ms (cache revalidated)
npm http fetch GET 200 https://registry.npmjs.org/safer-buffer 58ms (cache revalidated)
npm http fetch GET 200 https://registry.npmjs.org/pump 38ms (cache revalidated)
npm http fetch GET 200 https://registry.npmjs.org/fd-slicer 46ms (cache revalidated)
npm http fetch GET 200 https://registry.npmjs.org/buffer-crc32 50ms (cache revalidated)
npm http fetch GET 200 https://registry.npmjs.org/end-of-stream 46ms (cache revalidated)
npm http fetch GET 200 https://registry.npmjs.org/once 52ms (cache revalidated)
npm http fetch GET 200 https://registry.npmjs.org/exsolve 49ms (cache revalidated)
npm http fetch GET 200 https://registry.npmjs.org/confbox 64ms (cache revalidated)
npm http fetch GET 200 https://registry.npmjs.org/wrappy 70ms (cache revalidated)
npm http fetch GET 200 https://registry.npmjs.org/pend 42ms (cache revalidated)
npm http fetch GET 200 https://registry.npmjs.org/has-flag 60ms (cache revalidated)
npm http fetch GET 200 https://registry.npmjs.org/binary-extensions 59ms (cache revalidated)
npm warn EBADENGINE Unsupported engine {
npm warn EBADENGINE   package: '@onwidget/astrowind@1.0.0-beta.52',
npm warn EBADENGINE   required: { node: '>=22.0.0' },
npm warn EBADENGINE   current: { node: 'v20.19.4', npm: '11.6.3' }
npm warn EBADENGINE }
npm warn EBADENGINE Unsupported engine {
npm warn EBADENGINE   package: 'sitemap@9.0.1',
npm warn EBADENGINE   required: { npm: '>=10.8.2', node: '>=20.19.5' },
npm warn EBADENGINE   current: { node: 'v20.19.4', npm: '11.6.3' }
npm warn EBADENGINE }

up to date in 1m
npm verbose cwd /mnt/e/OTHER_PROJECTS/astrowind-leaftix
npm verbose os Linux 6.6.87.2-microsoft-standard-WSL2
npm verbose node v20.19.4
npm verbose npm  v11.6.3
npm verbose exit 0
npm info ok
EXIT_CODE=0
-rw-r--r-- 1 ronaldo ronaldo 442543 Mar 19 09:37 package-lock.json
EXIT_CODE=0
-rw-r--r-- 1 ronaldo ronaldo 442543 Mar 19 09:37 package-lock.json
