npm warn EBADENGINE Unsupported engine {
npm warn EBADENGINE   package: '@onwidget/astrowind@1.0.0-beta.52',
npm warn EBADENGINE   required: { node: '>=22.0.0' },
npm warn EBADENGINE   current: { node: 'v20.19.4', npm: '11.6.3' }
npm warn EBADENGINE }
npm warn EBADENGINE Unsupported engine {
npm warn EBADENGINE   package: 'sitemap@9.0.1',
npm warn EBADENGINE   required: { node: '>=20.19.5', npm: '>=10.8.2' },
npm warn EBADENGINE   current: { node: 'v20.19.4', npm: '11.6.3' }
npm warn EBADENGINE }
npm error code EACCES
npm error syscall rename
npm error path /mnt/e/OTHER_PROJECTS/astrowind-leaftix/node_modules/miniflare
npm error dest /mnt/e/OTHER_PROJECTS/astrowind-leaftix/node_modules/.miniflare-y5U2CnUb
npm error errno -13
npm error Error: EACCES: permission denied, rename '/mnt/e/OTHER_PROJECTS/astrowind-leaftix/node_modules/miniflare' -> '/mnt/e/OTHER_PROJECTS/astrowind-leaftix/node_modules/.miniflare-y5U2CnUb'
npm error     at async Object.rename (node:internal/fs/promises:782:10)
npm error     at async moveFile (/home/ronaldo/.nvm/versions/node/v20.19.4/lib/node_modules/npm/node_modules/@npmcli/fs/lib/move-file.js:30:5)
npm error     at async Promise.allSettled (index 0)
npm error     at async #reifyPackages (/home/ronaldo/.nvm/versions/node/v20.19.4/lib/node_modules/npm/node_modules/@npmcli/arborist/lib/arborist/reify.js:309:11)
npm error     at async Arborist.reify (/home/ronaldo/.nvm/versions/node/v20.19.4/lib/node_modules/npm/node_modules/@npmcli/arborist/lib/arborist/reify.js:121:5)
npm error     at async Install.exec (/home/ronaldo/.nvm/versions/node/v20.19.4/lib/node_modules/npm/lib/commands/install.js:150:5)
npm error     at async Npm.exec (/home/ronaldo/.nvm/versions/node/v20.19.4/lib/node_modules/npm/lib/npm.js:208:9)
npm error     at async module.exports (/home/ronaldo/.nvm/versions/node/v20.19.4/lib/node_modules/npm/lib/cli/entry.js:67:5) {
npm error   errno: -13,
npm error   code: 'EACCES',
npm error   syscall: 'rename',
npm error   path: '/mnt/e/OTHER_PROJECTS/astrowind-leaftix/node_modules/miniflare',
npm error   dest: '/mnt/e/OTHER_PROJECTS/astrowind-leaftix/node_modules/.miniflare-y5U2CnUb'
npm error }
npm error
npm error The operation was rejected by your operating system.
npm error It is likely you do not have the permissions to access this file as the current user
npm error
npm error If you believe this might be a permissions issue, please double-check the
npm error permissions of the file and its containing directories, or try running
npm error the command again as root/Administrator.
npm error A complete log of this run can be found in: /home/ronaldo/.npm/_logs/2026-03-19T14_34_37_604Z-debug-0.log
